<?xml version="1.0" encoding="UTF-8"?>
<testng-results ignored="0" total="1" passed="1" failed="0" skipped="0">
  <reporter-output>
  </reporter-output>
  <suite started-at="2025-02-04T12:34:16 IST" name="Default suite" finished-at="2025-02-04T12:34:16 IST" duration-ms="23">
    <groups>
    </groups>
    <test started-at="2025-02-04T12:34:16 IST" name="Default test" finished-at="2025-02-04T12:34:16 IST" duration-ms="23">
      <class name="demo.githubpractise">
        <test-method signature="sample()[pri:0, instance:demo.githubpractise@3d74bf60]" started-at="2025-02-04T12:34:16 IST" name="sample" finished-at="2025-02-04T12:34:16 IST" duration-ms="6" status="PASS">
          <reporter-output>
          </reporter-output>
        </test-method> <!-- sample -->
      </class> <!-- demo.githubpractise -->
    </test> <!-- Default test -->
  </suite> <!-- Default suite -->
</testng-results>
